<?xml version="1.0" encoding="UTF-8"?>
<testng-results ignored="0" total="1" passed="1" failed="0" skipped="0">
  <reporter-output>
  </reporter-output>
  <suite started-at="2025-07-04T15:02:57 IST" name="Surefire suite" finished-at="2025-07-04T15:03:16 IST" duration-ms="19237">
    <groups>
    </groups>
    <test started-at="2025-07-04T15:02:57 IST" name="Surefire test" finished-at="2025-07-04T15:03:16 IST" duration-ms="19237">
      <class name="seleniumtest.AppTest">
        <test-method is-config="true" signature="setup()[pri:0, instance:seleniumtest.AppTest@693fe6c9]" started-at="2025-07-04T15:02:57 IST" name="setup" finished-at="2025-07-04T15:02:58 IST" duration-ms="1785" status="PASS">
          <reporter-output>
          </reporter-output>
        </test-method> <!-- setup -->
        <test-method signature="fillNameFieldsUsingXPath()[pri:0, instance:seleniumtest.AppTest@693fe6c9]" started-at="2025-07-04T15:02:58 IST" name="fillNameFieldsUsingXPath" description="Enter first and last name using XPath" finished-at="2025-07-04T15:03:15 IST" duration-ms="16983" status="PASS">
          <reporter-output>
          </reporter-output>
        </test-method> <!-- fillNameFieldsUsingXPath -->
        <test-method is-config="true" signature="teardown()[pri:0, instance:seleniumtest.AppTest@693fe6c9]" started-at="2025-07-04T15:03:16 IST" name="teardown" finished-at="2025-07-04T15:03:16 IST" duration-ms="337" status="PASS">
          <reporter-output>
          </reporter-output>
        </test-method> <!-- teardown -->
      </class> <!-- seleniumtest.AppTest -->
    </test> <!-- Surefire test -->
  </suite> <!-- Surefire suite -->
</testng-results>
